0 info it worked if it ends with ok
1 verbose cli [ 'node', '/usr/bin/npm', 'start' ]
2 info using npm@2.15.0
3 info using node@v0.10.43
4 verbose node symlink /usr/bin/node
5 verbose run-script [ 'prestart', 'start', 'poststart' ]
6 info prestart kurento-one2many-call@6.2.1
7 info start kurento-one2many-call@6.2.1
8 verbose unsafe-perm in lifecycle true
9 info kurento-one2many-call@6.2.1 Failed to exec start script
10 verbose stack Error: kurento-one2many-call@6.2.1 start: `node server.js`
10 verbose stack Exit status 8
10 verbose stack     at EventEmitter.<anonymous> (/usr/lib/node_modules/npm/lib/utils/lifecycle.js:217:16)
10 verbose stack     at EventEmitter.emit (events.js:98:17)
10 verbose stack     at ChildProcess.<anonymous> (/usr/lib/node_modules/npm/lib/utils/spawn.js:24:14)
10 verbose stack     at ChildProcess.emit (events.js:98:17)
10 verbose stack     at maybeClose (child_process.js:766:16)
10 verbose stack     at Process.ChildProcess._handle.onexit (child_process.js:833:5)
11 verbose pkgid kurento-one2many-call@6.2.1
12 verbose cwd /home/server/Desktop/kurento-tutorial-node/kurento-one2many-call
13 error Linux 3.19.0-25-generic
14 error argv "node" "/usr/bin/npm" "start"
15 error node v0.10.43
16 error npm  v2.15.0
17 error code ELIFECYCLE
18 error kurento-one2many-call@6.2.1 start: `node server.js`
18 error Exit status 8
19 error Failed at the kurento-one2many-call@6.2.1 start script 'node server.js'.
19 error This is most likely a problem with the kurento-one2many-call package,
19 error not with npm itself.
19 error Tell the author that this fails on your system:
19 error     node server.js
19 error You can get information on how to open an issue for this project with:
19 error     npm bugs kurento-one2many-call
19 error Or if that isn't available, you can get their info via:
19 error
19 error     npm owner ls kurento-one2many-call
19 error There is likely additional logging output above.
20 verbose exit [ 1, true ]
